<?xml version="1.0" encoding="UTF-8"?>
<!-- Generated by org.testng.reporters.JUnitReportReporter -->
<testsuite skipped="0" hostname="CDC2-D-6R39H92" name="Maven.Maven2" tests="1" failures="0" timestamp="24 Jul 2019 07:04:04 GMT" time="0.006" errors="0">
  <testcase name="f" time="0.006" classname="Maven.Maven2"/>
</testsuite> <!-- Maven.Maven2 -->
